<?xml version="1.0" encoding="UTF-8"?>
<testsuite xmlns:xsi="http://www.w3.org/2001/XMLSchema-instance" xsi:schemaLocation="https://maven.apache.org/surefire/maven-surefire-plugin/xsd/surefire-test-report.xsd" name="KBL1" time="310.116" tests="2" errors="2" skipped="0" failures="0">
  <properties>
[...]
</properties>
  <testcase name="Digital Journey for Xpress Cash Loan" classname="KBL1" time="298.876">
    <error message="no such element: Unable to locate element: {&quot;method&quot;:&quot;xpath&quot;,&quot;selector&quot;:&quot;//input[@formcontrolname=&apos;empName&apos;]&quot;}&#10;  (Session info: chrome=132.0.6834.83)&#10;For documentation on this error, please visit: https://www.selenium.dev/documentation/webdriver/troubleshooting/errors#no-such-element-exception&#10;Build info: version: &apos;4.19.1&apos;, revision: &apos;abe0ee07dc&apos;&#10;System info: os.name: &apos;Windows 10&apos;, os.arch: &apos;amd64&apos;, os.version: &apos;10.0&apos;, java.version: &apos;22.0.1&apos;&#10;Driver info: org.openqa.selenium.chrome.ChromeDriver&#10;Command: [f7f87f8d457417ea5fa1b079e839f31f, findElement {value=//input[@formcontrolname=&apos;empName&apos;], using=xpath}]&#10;Capabilities {acceptInsecureCerts: false, browserName: chrome, browserVersion: 132.0.6834.83, chrome: {chromedriverVersion: 132.0.6834.110 (df453a35f09..., userDataDir: C:\Users\Admin\AppData\Loca...}, fedcm:accounts: true, goog:chromeOptions: {debuggerAddress: localhost:56900}, networkConnectionEnabled: false, pageLoadStrategy: normal, platformName: windows, proxy: Proxy(), se:cdp: ws://localhost:56900/devtoo..., se:cdpVersion: 132.0.6834.83, setWindowRect: true, strictFileInteractability: false, timeouts: {implicit: 0, pageLoad: 300000, script: 30000}, unhandledPromptBehavior: dismiss and notify, webauthn:extension:credBlob: true, webauthn:extension:largeBlob: true, webauthn:extension:minPinLength: true, webauthn:extension:prf: true, webauthn:virtualAuthenticators: true}&#10;Session ID: f7f87f8d457417ea5fa1b079e839f31f" type="common.CustomException">common.CustomException: 
no such element: Unable to locate element: {"method":"xpath","selector":"//input[@formcontrolname='empName']"}
  (Session info: chrome=132.0.6834.83)
For documentation on this error, please visit: https://www.selenium.dev/documentation/webdriver/troubleshooting/errors#no-such-element-exception
Build info: version: '4.19.1', revision: 'abe0ee07dc'
System info: os.name: 'Windows 10', os.arch: 'amd64', os.version: '10.0', java.version: '22.0.1'
Driver info: org.openqa.selenium.chrome.ChromeDriver
Command: [f7f87f8d457417ea5fa1b079e839f31f, findElement {value=//input[@formcontrolname='empName'], using=xpath}]
Capabilities {acceptInsecureCerts: false, browserName: chrome, browserVersion: 132.0.6834.83, chrome: {chromedriverVersion: 132.0.6834.110 (df453a35f09..., userDataDir: C:\Users\Admin\AppData\Loca...}, fedcm:accounts: true, goog:chromeOptions: {debuggerAddress: localhost:56900}, networkConnectionEnabled: false, pageLoadStrategy: normal, platformName: windows, proxy: Proxy(), se:cdp: ws://localhost:56900/devtoo..., se:cdpVersion: 132.0.6834.83, setWindowRect: true, strictFileInteractability: false, timeouts: {implicit: 0, pageLoad: 300000, script: 30000}, unhandledPromptBehavior: dismiss and notify, webauthn:extension:credBlob: true, webauthn:extension:largeBlob: true, webauthn:extension:minPinLength: true, webauthn:extension:prf: true, webauthn:virtualAuthenticators: true}
Session ID: f7f87f8d457417ea5fa1b079e839f31f
</error>
    <system-out><![CDATA[*********************************[@Digital_Journey_for_Xpress_Cash_Loan, @uid1352345228, @semiauto, @test001] Digital Journey for Xpress Cash Loan Execution started*******************************
C:\Users\Admin\Desktop\KBL POC\Performance script\AlgoAFScript_202412030532920000 (5)\AlgoAFScript_202412030532920000\src\test\java\ObjectRepository.yml file is valid
Launching Chrome------------------------------
 Status - 
------------------------------
C:\Users\Admin\Desktop\KBL POC\Performance script\AlgoAFScript_202412030532920000 (5)\AlgoAFScript_202412030532920000\output\SparkReport 24-Jan-25 12-50-51
PATH :C:\Users\Admin\Desktop\KBL POC\Performance script\AlgoAFScript_202412030532920000 (5)\AlgoAFScript_202412030532920000\output\SparkReport 24-Jan-25 12-50-51//Execution_status.json
]]></system-out>
    <system-err><![CDATA[SLF4J(W): No SLF4J providers were found.
SLF4J(W): Defaulting to no-operation (NOP) logger implementation
SLF4J(W): See https://www.slf4j.org/codes.html#noProviders for further details.
SLF4J(W): Class path contains SLF4J bindings targeting slf4j-api versions 1.7.x or earlier.
SLF4J(W): Ignoring binding found at [jar:file:/C:/Users/Admin/.m2/repository/org/slf4j/slf4j-simple/1.7.36/slf4j-simple-1.7.36.jar!/org/slf4j/impl/StaticLoggerBinder.class]
SLF4J(W): See https://www.slf4j.org/codes.html#ignoredBindings for an explanation.
Jan 24, 2025 12:50:56 PM org.openqa.selenium.devtools.CdpVersionFinder findNearestMatch
WARNING: Unable to find CDP implementation matching 132
Jan 24, 2025 12:50:56 PM org.openqa.selenium.chromium.ChromiumDriver lambda$new$5
WARNING: Unable to find version of CDP to use for 132.0.6834.83. You may need to include a dependency on a specific version of the CDP using something similar to `org.seleniumhq.selenium:selenium-devtools-v86:4.19.1` where the version ("v86") matches the version of the chromium-based browser you're using and the version number of the artifact is the same as Selenium's.
]]></system-err>
  </testcase>
  <testcase name="Digital Journey for Xpress Cash Loan" classname="KBL1" time="298.878">
    <error message="Semi Auto test cases may fail due to OTP / Captcha." type="common.CustomException">common.CustomException: Semi Auto test cases may fail due to OTP / Captcha.
</error>
  </testcase>
</testsuite>